Determining if the pthread_create exist failed with the following output:
Change Dir: /home/advait/catkin_ws/build/CMakeFiles/CMakeTmp

Run Build Command:"/usr/bin/make" "cmTC_af396/fast"
/usr/bin/make -f CMakeFiles/cmTC_af396.dir/build.make CMakeFiles/cmTC_af396.dir/build
make[1]: Entering directory '/home/advait/catkin_ws/build/CMakeFiles/CMakeTmp'
Building C object CMakeFiles/cmTC_af396.dir/CheckSymbolExists.c.o
/usr/bin/cc     -o CMakeFiles/cmTC_af396.dir/CheckSymbolExists.c.o   -c /home/advait/catkin_ws/build/CMakeFiles/CMakeTmp/CheckSymbolExists.c
Linking C executable cmTC_af396
/usr/bin/cmake -E cmake_link_script CMakeFiles/cmTC_af396.dir/link.txt --verbose=1
/usr/bin/cc       CMakeFiles/cmTC_af396.dir/CheckSymbolExists.c.o  -o cmTC_af396 -rdynamic 
CMakeFiles/cmTC_af396.dir/CheckSymbolExists.c.o: In function `main':
CheckSymbolExists.c:(.text+0x16): undefined reference to `pthread_create'
collect2: error: ld returned 1 exit status
CMakeFiles/cmTC_af396.dir/build.make:97: recipe for target 'cmTC_af396' failed
make[1]: *** [cmTC_af396] Error 1
make[1]: Leaving directory '/home/advait/catkin_ws/build/CMakeFiles/CMakeTmp'
Makefile:126: recipe for target 'cmTC_af396/fast' failed
make: *** [cmTC_af396/fast] Error 2

File /home/advait/catkin_ws/build/CMakeFiles/CMakeTmp/CheckSymbolExists.c:
/* */
#include <pthread.h>

int main(int argc, char** argv)
{
  (void)argv;
#ifndef pthread_create
  return ((int*)(&pthread_create))[argc];
#else
  (void)argc;
  return 0;
#endif
}

Determining if the function pthread_create exists in the pthreads failed with the following output:
Change Dir: /home/advait/catkin_ws/build/CMakeFiles/CMakeTmp

Run Build Command:"/usr/bin/make" "cmTC_622bc/fast"
/usr/bin/make -f CMakeFiles/cmTC_622bc.dir/build.make CMakeFiles/cmTC_622bc.dir/build
make[1]: Entering directory '/home/advait/catkin_ws/build/CMakeFiles/CMakeTmp'
Building C object CMakeFiles/cmTC_622bc.dir/CheckFunctionExists.c.o
/usr/bin/cc    -DCHECK_FUNCTION_EXISTS=pthread_create   -o CMakeFiles/cmTC_622bc.dir/CheckFunctionExists.c.o   -c /usr/share/cmake-3.5/Modules/CheckFunctionExists.c
Linking C executable cmTC_622bc
/usr/bin/cmake -E cmake_link_script CMakeFiles/cmTC_622bc.dir/link.txt --verbose=1
/usr/bin/cc   -DCHECK_FUNCTION_EXISTS=pthread_create    CMakeFiles/cmTC_622bc.dir/CheckFunctionExists.c.o  -o cmTC_622bc -rdynamic -lpthreads 
/usr/bin/ld: cannot find -lpthreads
collect2: error: ld returned 1 exit status
CMakeFiles/cmTC_622bc.dir/build.make:97: recipe for target 'cmTC_622bc' failed
make[1]: *** [cmTC_622bc] Error 1
make[1]: Leaving directory '/home/advait/catkin_ws/build/CMakeFiles/CMakeTmp'
Makefile:126: recipe for target 'cmTC_622bc/fast' failed
make: *** [cmTC_622bc/fast] Error 2


